2021-01-05 17:05:56-log: ui-kit@1.0.0 enable
2021-01-05 17:05:56-log: ipc@1.0.0 enable
2021-01-05 17:05:56-log: tester@1.0.0 enable
2021-01-05 17:05:56-log: preferences@1.0.0 enable
2021-01-05 17:05:59-log: engine@1.0.0 enable
2021-01-05 17:06:00-log: asset-db@1.0.0 enable
2021-01-05 17:06:00-log: console@1.0.0 enable
2021-01-05 17:06:00-log: scene@1.0.0 enable
2021-01-05 17:06:00-log: packager@1.0.0 enable
2021-01-05 17:06:00-log: project-setting@1.0.0 enable
2021-01-05 17:06:00-log: about@1.0.0 enable
2021-01-05 17:06:00-log: server@1.0.0 enable
2021-01-05 17:06:00-log: utils@1.0.0 enable
2021-01-05 17:06:00-log: profile@1.0.0 enable
2021-01-05 17:06:00-log: assets@1.0.0 enable
2021-01-05 17:06:00-log: inspector@1.0.0 enable
2021-01-05 17:06:00-log: hierarchy@1.0.0 enable
2021-01-05 17:06:00-log: preview@1.0.0 enable
2021-01-05 17:06:00-log: animator@1.0.0 enable
2021-01-05 17:06:01-log: builder@1.0.0 enable
2021-01-05 17:06:01-log: alipay-mini-game@1.0.0 enable
2021-01-05 17:06:01-log: android@1.0.0 enable
2021-01-05 17:06:01-log: baidu-mini-game@1.0.0 enable
2021-01-05 17:06:01-log: cocos-play@1.0.0 enable
2021-01-05 17:06:01-log: huawei-mini-game@1.0.0 enable
2021-01-05 17:06:01-log: ios@1.0.0 enable
2021-01-05 17:06:01-log: mac@1.0.0 enable
2021-01-05 17:06:01-log: native@1.0.0 enable
2021-01-05 17:06:01-log: oppo-mini-game@1.0.0 enable
2021-01-05 17:06:01-log: vivo-mini-game@1.0.0 enable
2021-01-05 17:06:01-log: web-desktop@1.0.0 enable
2021-01-05 17:06:01-log: web-mobile@1.0.0 enable
2021-01-05 17:06:01-log: wechatgame@1.0.0 enable
2021-01-05 17:06:01-log: windows@1.0.0 enable
2021-01-05 17:06:01-log: xiaomi-quick-game@1.0.0 enable
2021-01-05 17:06:05-warn: [Scene] Sender does not exist
2021-01-05 17:06:19-warn: [Asset DB] Browserslist: caniuse-lite is outdated. Please run next command `npm update`
