Arguments: 
  C:\Program Files\nodejs\node.exe C:\Users\97579\AppData\Roaming\npm\node_modules\yarn\bin\yarn.js add typescript rollup rollup-plugin-typescript2 @rollup/plugin-node-resolve @rollup/plugin-json execa

PATH: 
  C:\Program Files\Common Files\Oracle\Java\javapath;C:\Program Files (x86)\Common Files\Oracle\Java\javapath;C:\Program Files (x86)\Intel\Intel(R) Management Engine Components\iCLS\;C:\Program Files\Intel\Intel(R) Management Engine Components\iCLS\;C:\Windows\system32;C:\Windows;C:\Windows\System32\Wbem;C:\Windows\System32\WindowsPowerShell\v1.0\;C:\Program Files (x86)\NVIDIA Corporation\PhysX\Common;C:\Program Files (x86)\Intel\Intel(R) Management Engine Components\DAL;C:\Program Files\Intel\Intel(R) Management Engine Components\DAL;C:\Program Files (x86)\Intel\Intel(R) Management Engine Components\IPT;C:\Program Files\Intel\Intel(R) Management Engine Components\IPT;C:\Program Files\Intel\WiFi\bin\;C:\Program Files\Common Files\Intel\WirelessCommon\;C:\WINDOWS\system32;C:\WINDOWS;C:\WINDOWS\System32\Wbem;C:\WINDOWS\System32\WindowsPowerShell\v1.0\;C:\WINDOWS\System32\OpenSSH\;C:\Program Files\dotnet\;:\读书\前端\Git\cmd;D:\读书\前端\Git\cmd;C:\Program Files\nodejs\;C:\Program Files\TortoiseSVN\bin;C:\Program Files\Java\jdk-17\bin;C:\Users\97579\AppData\Local\Microsoft\WindowsApps;C:\Users\97579\.dotnet\tools;C:\Users\97579\AppData\Roaming\npm;C:\Users\97579\AppData\Local\Programs\Microsoft VS Code\bin

Yarn version: 
  1.22.17

Node version: 
  14.14.0

Platform: 
  win32 x64

Trace: 
  Error [ERR_TLS_CERT_ALTNAME_INVALID]: Hostname/IP does not match certificate's altnames: Host: registry.cnpmjs.org. is not in the cert's altnames: DNS:r.cnpmjs.org
      at Object.checkServerIdentity (tls.js:297:12)
      at TLSSocket.onConnectSecure (_tls_wrap.js:1507:27)
      at TLSSocket.emit (events.js:315:20)
      at TLSSocket._finishInit (_tls_wrap.js:932:8)
      at TLSWrap.ssl.onhandshakedone (_tls_wrap.js:706:12)

npm manifest: 
  {
    "name": "vue3Source",
    "version": "1.0.0",
    "main": "index.js",
    "license": "MIT"
  }

yarn manifest: 
  No manifest

Lockfile: 
  No lockfile
